12-02-2022 16:54:19: INFO - Thread gestartet : _main 19340
12-02-2022 16:54:20: INFO - Thread gestartet : tasten_thread 4756
12-02-2022 16:54:21: INFO - Berechnung gestartet : _main
12-02-2022 16:54:21: INFO - Zwischenergebnis: [0, 1, '00:00:00', '16:54:20']
12-02-2022 16:54:22: INFO - Zwischenergebnis: [1, 10, '00:00:00', '16:54:20']
12-02-2022 16:54:22: INFO - Zwischenergebnis: [2, 25, '00:00:00', '16:54:20']
12-02-2022 16:54:23: INFO - Zwischenergebnis: [3, 39, '00:00:00', '16:54:20']
12-02-2022 16:54:23: INFO - Zwischenergebnis: [4, 77, '00:00:00', '16:54:20']
12-02-2022 16:54:24: INFO - Zwischenergebnis: [5, 679, '00:00:00', '16:54:20']
12-02-2022 16:54:24: INFO - Zwischenergebnis: [6, 6788, '00:00:00', '16:54:20']
12-02-2022 16:54:25: INFO - Zwischenergebnis: [7, 68889, '00:00:00', '16:54:21']
12-02-2022 16:54:39: INFO - Zwischenergebnis: [8, 2677889, '00:00:07', '16:54:28']
12-02-2022 16:54:49: INFO - Thread gestoppt : tasten_thread 4756
12-02-2022 16:54:49: INFO - Berechnung beendet : _main
12-02-2022 16:54:49: INFO - Thread gestoppt : _main 19340
13-02-2022 16:37:42: INFO - Thread gestartet : _main 14304
13-02-2022 16:37:43: INFO - Thread gestartet : tasten_thread 3732
13-02-2022 16:37:43: INFO - Berechnung gestartet : _main
13-02-2022 16:37:44: INFO - Zwischenergebnis: [0, 1, '00:00:00', '16:37:43']
13-02-2022 16:37:44: INFO - Zwischenergebnis: [1, 10, '00:00:00', '16:37:43']
13-02-2022 16:37:45: INFO - Zwischenergebnis: [2, 25, '00:00:00', '16:37:43']
13-02-2022 16:37:45: INFO - Zwischenergebnis: [3, 39, '00:00:00', '16:37:43']
13-02-2022 16:37:46: INFO - Zwischenergebnis: [4, 77, '00:00:00', '16:37:43']
13-02-2022 16:37:46: INFO - Zwischenergebnis: [5, 679, '00:00:00', '16:37:43']
13-02-2022 16:37:47: INFO - Zwischenergebnis: [6, 6788, '00:00:00', '16:37:43']
13-02-2022 16:37:47: INFO - Zwischenergebnis: [7, 68889, '00:00:00', '16:37:43']
13-02-2022 16:38:02: INFO - Zwischenergebnis: [8, 2677889, '00:00:07', '16:37:51']
13-02-2022 16:40:20: INFO - Zwischenergebnis: [9, 26888999, '00:01:19', '16:39:02']
13-02-2022 16:46:20: INFO - Thread gestoppt : tasten_thread 3732
13-02-2022 16:46:20: INFO - Berechnung beendet : _main
13-02-2022 16:46:20: INFO - Thread gestoppt : _main 14304
13-02-2022 16:46:32: INFO - Thread gestartet : _main 4520
13-02-2022 16:46:33: INFO - Thread gestartet : tasten_thread 7736
13-02-2022 16:46:34: INFO - Berechnung gestartet : _main
13-02-2022 16:46:34: INFO - Zwischenergebnis: [0, 1, '00:00:00', '16:46:33']
13-02-2022 16:46:35: INFO - Zwischenergebnis: [1, 10, '00:00:00', '16:46:33']
13-02-2022 16:46:35: INFO - Zwischenergebnis: [2, 25, '00:00:00', '16:46:33']
13-02-2022 16:46:36: INFO - Zwischenergebnis: [3, 39, '00:00:00', '16:46:33']
13-02-2022 16:46:36: INFO - Zwischenergebnis: [4, 77, '00:00:00', '16:46:33']
13-02-2022 16:46:37: INFO - Zwischenergebnis: [5, 679, '00:00:00', '16:46:33']
13-02-2022 16:46:37: INFO - Zwischenergebnis: [6, 6788, '00:00:00', '16:46:33']
13-02-2022 16:46:38: INFO - Zwischenergebnis: [7, 68889, '00:00:00', '16:46:33']
13-02-2022 16:46:40: INFO - Thread gestoppt : tasten_thread 7736
13-02-2022 16:46:41: INFO - Berechnung beendet : _main
13-02-2022 16:46:41: INFO - Thread gestoppt : _main 4520
15-02-2022 14:53:22: INFO - Thread gestartet : _main 17192
15-02-2022 14:53:23: INFO - Thread gestartet : tasten_thread 5232
15-02-2022 14:53:24: INFO - Berechnung gestartet : _main
15-02-2022 14:53:24: INFO - Zwischenergebnis: [0, 1, '00:00:00', '14:53:23']
15-02-2022 14:53:25: INFO - Zwischenergebnis: [1, 10, '00:00:00', '14:53:23']
15-02-2022 14:53:25: INFO - Zwischenergebnis: [2, 25, '00:00:00', '14:53:23']
15-02-2022 14:53:26: INFO - Zwischenergebnis: [3, 39, '00:00:00', '14:53:23']
15-02-2022 14:53:26: INFO - Zwischenergebnis: [4, 77, '00:00:00', '14:53:23']
15-02-2022 14:53:27: INFO - Zwischenergebnis: [5, 679, '00:00:00', '14:53:23']
15-02-2022 14:53:27: INFO - Zwischenergebnis: [6, 6788, '00:00:00', '14:53:23']
15-02-2022 14:53:28: INFO - Zwischenergebnis: [7, 68889, '00:00:00', '14:53:24']
15-02-2022 15:29:08: INFO - Thread gestartet : _main 2800
15-02-2022 15:29:09: INFO - Thread gestartet : tasten_thread 20392
15-02-2022 15:29:10: INFO - Berechnung gestartet : _main
15-02-2022 15:29:10: INFO - Zwischenergebnis: [0, 1, '00:00:00', '15:29:09']
15-02-2022 15:29:11: INFO - Zwischenergebnis: [1, 10, '00:00:00', '15:29:09']
15-02-2022 15:29:11: INFO - Zwischenergebnis: [2, 25, '00:00:00', '15:29:09']
15-02-2022 15:29:12: INFO - Zwischenergebnis: [3, 39, '00:00:00', '15:29:09']
15-02-2022 15:29:12: INFO - Zwischenergebnis: [4, 77, '00:00:00', '15:29:09']
15-02-2022 15:29:13: INFO - Zwischenergebnis: [5, 679, '00:00:00', '15:29:09']
15-02-2022 15:29:13: INFO - Zwischenergebnis: [6, 6788, '00:00:00', '15:29:09']
15-02-2022 15:29:14: INFO - Zwischenergebnis: [7, 68889, '00:00:00', '15:29:10']
15-02-2022 15:29:34: INFO - Thread gestartet : _main 7792
15-02-2022 15:29:35: INFO - Thread gestartet : tasten_thread 2272
15-02-2022 15:29:36: INFO - Berechnung gestartet : _main
15-02-2022 15:29:36: INFO - Zwischenergebnis: [0, 1, '00:00:00', '15:29:35']
15-02-2022 15:29:37: INFO - Zwischenergebnis: [1, 10, '00:00:00', '15:29:35']
15-02-2022 15:29:37: INFO - Zwischenergebnis: [2, 25, '00:00:00', '15:29:35']
15-02-2022 15:29:38: INFO - Zwischenergebnis: [3, 39, '00:00:00', '15:29:35']
15-02-2022 15:29:38: INFO - Zwischenergebnis: [4, 77, '00:00:00', '15:29:35']
15-02-2022 15:29:39: INFO - Zwischenergebnis: [5, 679, '00:00:00', '15:29:35']
15-02-2022 15:29:39: INFO - Zwischenergebnis: [6, 6788, '00:00:00', '15:29:35']
15-02-2022 15:29:40: INFO - Zwischenergebnis: [7, 68889, '00:00:00', '15:29:36']
15-02-2022 15:29:52: INFO - Thread gestoppt : tasten_thread 2272
15-02-2022 15:29:52: INFO - Berechnung beendet : _main
15-02-2022 15:29:52: INFO - Thread gestoppt : _main 7792
15-02-2022 15:30:42: INFO - Thread gestartet : _main 14736
15-02-2022 15:30:43: INFO - Thread gestartet : tasten_thread 14800
15-02-2022 15:30:44: INFO - Berechnung gestartet : _main
15-02-2022 15:30:44: INFO - Zwischenergebnis: [0, 1, '00:00:00', '15:30:43']
15-02-2022 15:30:45: INFO - Zwischenergebnis: [1, 10, '00:00:00', '15:30:43']
15-02-2022 15:30:45: INFO - Zwischenergebnis: [2, 25, '00:00:00', '15:30:43']
15-02-2022 15:30:46: INFO - Zwischenergebnis: [3, 39, '00:00:00', '15:30:43']
15-02-2022 15:30:46: INFO - Zwischenergebnis: [4, 77, '00:00:00', '15:30:43']
15-02-2022 15:30:47: INFO - Zwischenergebnis: [5, 679, '00:00:00', '15:30:43']
15-02-2022 15:30:47: INFO - Zwischenergebnis: [6, 6788, '00:00:00', '15:30:43']
15-02-2022 15:30:48: INFO - Zwischenergebnis: [7, 68889, '00:00:00', '15:30:44']
15-02-2022 15:31:03: INFO - Zwischenergebnis: [8, 2677889, '00:00:07', '15:30:51']
15-02-2022 15:33:20: INFO - Zwischenergebnis: [9, 26888999, '00:01:21', '15:32:04']
15-02-2022 15:41:32: INFO - Thread gestoppt : tasten_thread 14800
15-02-2022 15:41:33: INFO - Berechnung beendet : _main
15-02-2022 15:41:33: INFO - Thread gestoppt : _main 14736
